2023/11/21 14:26:30 Starting USER server on port 8080
2023/11/21 14:26:53 Time: 2023-11-21T14:26:53+11:00, Method: GET, URL: /blah, RemoteAddr: [::1]:34618
2023/11/21 14:26:53 Headers:
2023/11/21 14:26:53   Cookie: APPT=8910a50f5734bbba
2023/11/21 14:26:53   Sec-Fetch-Site: none
2023/11/21 14:26:53   Sec-Fetch-Dest: document
2023/11/21 14:26:53   Accept-Language: en-US,en;q=0.9,vi;q=0.8
2023/11/21 14:26:53   Connection: keep-alive
2023/11/21 14:26:53   Sec-Ch-Ua: "Google Chrome";v="119", "Chromium";v="119", "Not?A_Brand";v="24"
2023/11/21 14:26:53   Sec-Ch-Ua-Platform: "Windows"
2023/11/21 14:26:53   Upgrade-Insecure-Requests: 1
2023/11/21 14:26:53   User-Agent: Mozilla/5.0 (Windows NT 10.0; Win64; x64) AppleWebKit/537.36 (KHTML, like Gecko) Chrome/119.0.0.0 Safari/537.36
2023/11/21 14:26:53   Sec-Fetch-Mode: navigate
2023/11/21 14:26:53   Sec-Ch-Ua-Mobile: ?0
2023/11/21 14:26:53   Accept: text/html,application/xhtml+xml,application/xml;q=0.9,image/avif,image/webp,image/apng,*/*;q=0.8,application/signed-exchange;v=b3;q=0.7
2023/11/21 14:26:53   Sec-Fetch-User: ?1
2023/11/21 14:26:53   Accept-Encoding: gzip, deflate, br
2023/11/21 14:26:53 Body: [Empty]
2023/11/21 14:26:53 Form Values: [None]
2023/11/21 14:26:53 
2023/11/21 14:27:58 Got signal: interrupt, exiting.
2023/11/21 14:27:58 Error starting USER server: http: Server closed
